# JRE version: Java(TM) SE Runtime Environment (7.0_45-b18) (build 1.7.0_45-b18)
# Java VM: Java HotSpot(TM) 64-Bit Server VM (24.45-b08 mixed mode windows-amd64 compressed oops)
Heap
 PSYoungGen      total 233472K, used 68509K [0x00000000eaa80000, 0x0000000100000000, 0x0000000100000000)
  eden space 117248K, 19% used [0x00000000eaa80000,0x00000000ec0c76a8,0x00000000f1d00000)
  from space 116224K, 39% used [0x00000000f8e80000,0x00000000fbb1ffc8,0x0000000100000000)
  to   space 116224K, 0% used [0x00000000f1d00000,0x00000000f1d00000,0x00000000f8e80000)
 ParOldGen       total 312320K, used 183421K [0x00000000c0000000, 0x00000000d3100000, 0x00000000eaa80000)
  object space 312320K, 58% used [0x00000000c0000000,0x00000000cb31f598,0x00000000d3100000)
 PSPermGen       total 21504K, used 5959K [0x00000000bae00000, 0x00000000bc300000, 0x00000000c0000000)
  object space 21504K, 27% used [0x00000000bae00000,0x00000000bb3d1e08,0x00000000bc300000)
GC Heap History (10 events):
Event: 6.350 GC heap before
{Heap before GC invocations=8 (full 1):
 PSYoungGen      total 245760K, used 240471K [0x00000000eaa80000, 0x0000000100000000, 0x0000000100000000)
  eden space 172544K, 100% used [0x00000000eaa80000,0x00000000f5300000,0x00000000f5300000)
  from space 73216K, 92% used [0x00000000fb880000,0x00000000ffad5ff8,0x0000000100000000)
  to   space 88576K, 0% used [0x00000000f5300000,0x00000000f5300000,0x00000000fa980000)
 ParOldGen       total 225792K, used 108411K [0x00000000c0000000, 0x00000000cdc80000, 0x00000000eaa80000)
  object space 225792K, 48% used [0x00000000c0000000,0x00000000c69defb8,0x00000000cdc80000)
 PSPermGen       total 21504K, used 5950K [0x00000000bae00000, 0x00000000bc300000, 0x00000000c0000000)
  object space 21504K, 27% used [0x00000000bae00000,0x00000000bb3cfa70,0x00000000bc300000)
Event: 6.505 GC heap after
Heap after GC invocations=8 (full 1):
 PSYoungGen      total 261120K, used 88554K [0x00000000eaa80000, 0x0000000100000000, 0x0000000100000000)
  eden space 172544K, 0% used [0x00000000eaa80000,0x00000000eaa80000,0x00000000f5300000)
  from space 88576K, 99% used [0x00000000f5300000,0x00000000fa97ab68,0x00000000fa980000)
  to   space 88576K, 0% used [0x00000000fa980000,0x00000000fa980000,0x0000000100000000)
 ParOldGen       total 225792K, used 127429K [0x00000000c0000000, 0x00000000cdc80000, 0x00000000eaa80000)
  object space 225792K, 56% used [0x00000000c0000000,0x00000000c7c71738,0x00000000cdc80000)
 PSPermGen       total 21504K, used 5950K [0x00000000bae00000, 0x00000000bc300000, 0x00000000c0000000)
  object space 21504K, 27% used [0x00000000bae00000,0x00000000bb3cfa70,0x00000000bc300000)
}
Event: 7.227 GC heap before
{Heap before GC invocations=9 (full 1):
 PSYoungGen      total 261120K, used 261098K [0x00000000eaa80000, 0x0000000100000000, 0x0000000100000000)
  eden space 172544K, 100% used [0x00000000eaa80000,0x00000000f5300000,0x00000000f5300000)
  from space 88576K, 99% used [0x00000000f5300000,0x00000000fa97ab68,0x00000000fa980000)
  to   space 88576K, 0% used [0x00000000fa980000,0x00000000fa980000,0x0000000100000000)
 ParOldGen       total 225792K, used 127429K [0x00000000c0000000, 0x00000000cdc80000, 0x00000000eaa80000)
  object space 225792K, 56% used [0x00000000c0000000,0x00000000c7c71738,0x00000000cdc80000)
 PSPermGen       total 21504K, used 5958K [0x00000000bae00000, 0x00000000bc300000, 0x00000000c0000000)
  object space 21504K, 27% used [0x00000000bae00000,0x00000000bb3d1a48,0x00000000bc300000)
Event: 7.446 GC heap after
Heap after GC invocations=9 (full 1):
 PSYoungGen      total 205824K, used 88560K [0x00000000eaa80000, 0x0000000100000000, 0x0000000100000000)
  eden space 117248K, 0% used [0x00000000eaa80000,0x00000000eaa80000,0x00000000f1d00000)
  from space 88576K, 99% used [0x00000000fa980000,0x00000000ffffc368,0x0000000100000000)
  to   space 116224K, 0% used [0x00000000f1d00000,0x00000000f1d00000,0x00000000f8e80000)
 ParOldGen       total 225792K, used 158825K [0x00000000c0000000, 0x00000000cdc80000, 0x00000000eaa80000)
  object space 225792K, 70% used [0x00000000c0000000,0x00000000c9b1a558,0x00000000cdc80000)
 PSPermGen       total 21504K, used 5958K [0x00000000bae00000, 0x00000000bc300000, 0x00000000c0000000)
  object space 21504K, 27% used [0x00000000bae00000,0x00000000bb3d1a48,0x00000000bc300000)
}
Event: 7.496 GC heap before
{Heap before GC invocations=10 (full 1):
 PSYoungGen      total 205824K, used 205808K [0x00000000eaa80000, 0x0000000100000000, 0x0000000100000000)
  eden space 117248K, 100% used [0x00000000eaa80000,0x00000000f1d00000,0x00000000f1d00000)
  from space 88576K, 99% used [0x00000000fa980000,0x00000000ffffc368,0x0000000100000000)
  to   space 116224K, 0% used [0x00000000f1d00000,0x00000000f1d00000,0x00000000f8e80000)
 ParOldGen       total 225792K, used 158825K [0x00000000c0000000, 0x00000000cdc80000, 0x00000000eaa80000)
  object space 225792K, 70% used [0x00000000c0000000,0x00000000c9b1a558,0x00000000cdc80000)
 PSPermGen       total 21504K, used 5958K [0x00000000bae00000, 0x00000000bc300000, 0x00000000c0000000)
  object space 21504K, 27% used [0x00000000bae00000,0x00000000bb3d1a48,0x00000000bc300000)
Event: 7.640 GC heap after
Heap after GC invocations=10 (full 1):
 PSYoungGen      total 233472K, used 116217K [0x00000000eaa80000, 0x0000000100000000, 0x0000000100000000)
  eden space 117248K, 0% used [0x00000000eaa80000,0x00000000eaa80000,0x00000000f1d00000)
  from space 116224K, 99% used [0x00000000f1d00000,0x00000000f8e7e6b0,0x00000000f8e80000)
  to   space 116224K, 0% used [0x00000000f8e80000,0x00000000f8e80000,0x0000000100000000)
 ParOldGen       total 225792K, used 203516K [0x00000000c0000000, 0x00000000cdc80000, 0x00000000eaa80000)
  object space 225792K, 90% used [0x00000000c0000000,0x00000000cc6bf020,0x00000000cdc80000)
 PSPermGen       total 21504K, used 5958K [0x00000000bae00000, 0x00000000bc300000, 0x00000000c0000000)
  object space 21504K, 27% used [0x00000000bae00000,0x00000000bb3d1a48,0x00000000bc300000)
}
Event: 7.640 GC heap before
{Heap before GC invocations=11 (full 2):
 PSYoungGen      total 233472K, used 116217K [0x00000000eaa80000, 0x0000000100000000, 0x0000000100000000)
  eden space 117248K, 0% used [0x00000000eaa80000,0x00000000eaa80000,0x00000000f1d00000)
  from space 116224K, 99% used [0x00000000f1d00000,0x00000000f8e7e6b0,0x00000000f8e80000)
  to   space 116224K, 0% used [0x00000000f8e80000,0x00000000f8e80000,0x0000000100000000)
 ParOldGen       total 225792K, used 203516K [0x00000000c0000000, 0x00000000cdc80000, 0x00000000eaa80000)
  object space 225792K, 90% used [0x00000000c0000000,0x00000000cc6bf020,0x00000000cdc80000)
 PSPermGen       total 21504K, used 5958K [0x00000000bae00000, 0x00000000bc300000, 0x00000000c0000000)
  object space 21504K, 27% used [0x00000000bae00000,0x00000000bb3d1a48,0x00000000bc300000)
Event: 8.054 GC heap after
Heap after GC invocations=11 (full 2):
 PSYoungGen      total 233472K, used 0K [0x00000000eaa80000, 0x0000000100000000, 0x0000000100000000)
  eden space 117248K, 0% used [0x00000000eaa80000,0x00000000eaa80000,0x00000000f1d00000)
  from space 116224K, 0% used [0x00000000f1d00000,0x00000000f1d00000,0x00000000f8e80000)
  to   space 116224K, 0% used [0x00000000f8e80000,0x00000000f8e80000,0x0000000100000000)
 ParOldGen       total 312320K, used 183421K [0x00000000c0000000, 0x00000000d3100000, 0x00000000eaa80000)
  object space 312320K, 58% used [0x00000000c0000000,0x00000000cb31f598,0x00000000d3100000)
 PSPermGen       total 21504K, used 5957K [0x00000000bae00000, 0x00000000bc300000, 0x00000000c0000000)
  object space 21504K, 27% used [0x00000000bae00000,0x00000000bb3d1588,0x00000000bc300000)
}
Event: 8.298 GC heap before
{Heap before GC invocations=12 (full 2):
 PSYoungGen      total 233472K, used 117248K [0x00000000eaa80000, 0x0000000100000000, 0x0000000100000000)
  eden space 117248K, 100% used [0x00000000eaa80000,0x00000000f1d00000,0x00000000f1d00000)
  from space 116224K, 0% used [0x00000000f1d00000,0x00000000f1d00000,0x00000000f8e80000)
  to   space 116224K, 0% used [0x00000000f8e80000,0x00000000f8e80000,0x0000000100000000)
 ParOldGen       total 312320K, used 183421K [0x00000000c0000000, 0x00000000d3100000, 0x00000000eaa80000)
  object space 312320K, 58% used [0x00000000c0000000,0x00000000cb31f598,0x00000000d3100000)
 PSPermGen       total 21504K, used 5958K [0x00000000bae00000, 0x00000000bc300000, 0x00000000c0000000)
  object space 21504K, 27% used [0x00000000bae00000,0x00000000bb3d1b98,0x00000000bc300000)
Event: 8.324 GC heap after
Heap after GC invocations=12 (full 2):
 PSYoungGen      total 233472K, used 45695K [0x00000000eaa80000, 0x0000000100000000, 0x0000000100000000)
  eden space 117248K, 0% used [0x00000000eaa80000,0x00000000eaa80000,0x00000000f1d00000)
  from space 116224K, 39% used [0x00000000f8e80000,0x00000000fbb1ffc8,0x0000000100000000)
  to   space 116224K, 0% used [0x00000000f1d00000,0x00000000f1d00000,0x00000000f8e80000)
 ParOldGen       total 312320K, used 183421K [0x00000000c0000000, 0x00000000d3100000, 0x00000000eaa80000)
  object space 312320K, 58% used [0x00000000c0000000,0x00000000cb31f598,0x00000000d3100000)
 PSPermGen       total 21504K, used 5958K [0x00000000bae00000, 0x00000000bc300000, 0x00000000c0000000)
  object space 21504K, 27% used [0x00000000bae00000,0x00000000bb3d1b98,0x00000000bc300000)
}

